<?xml version="1.0" encoding="UTF-8"?>
<testsuite xmlns:xsi="http://www.w3.org/2001/XMLSchema-instance" xsi:noNamespaceSchemaLocation="https://maven.apache.org/surefire/maven-surefire-plugin/xsd/surefire-test-report-3.0.xsd" version="3.0" name="com.capstone.csdrms.CsdrmsApplicationTests" time="12.809" tests="1" errors="0" skipped="0" failures="0">
  <properties>
[...]
</properties>
  <testcase name="contextLoads" classname="com.capstone.csdrms.CsdrmsApplicationTests" time="0.502">
    <system-out><![CDATA[22:36:02.636 [main] INFO org.springframework.test.context.support.AnnotationConfigContextLoaderUtils -- Could not detect default configuration classes for test class [com.capstone.csdrms.CsdrmsApplicationTests]: CsdrmsApplicationTests does not declare any static, non-private, non-final, nested classes annotated with @Configuration.
22:36:02.829 [main] INFO org.springframework.boot.test.context.SpringBootTestContextBootstrapper -- Found @SpringBootConfiguration com.capstone.csdrms.CsdrmsApplication for test class com.capstone.csdrms.CsdrmsApplicationTests
22:36:03.156 [main] INFO org.springframework.boot.devtools.restart.RestartApplicationListener -- Restart disabled due to context in which it is running

  .   ____          _            __ _ _
 /\\ / ___'_ __ _ _(_)_ __  __ _ \ \ \ \
( ( )\___ | '_ | '_| | '_ \/ _` | \ \ \ \
 \\/  ___)| |_)| | | | | || (_| |  ) ) ) )
  '  |____| .__|_| |_|_| |_\__, | / / / /
 =========|_|==============|___/=/_/_/_/
 :: Spring Boot ::               (v3.1.10)

2024-10-06T22:36:03.537+08:00  INFO 25188 --- [           main] c.c.csdrms.CsdrmsApplicationTests        : Starting CsdrmsApplicationTests using Java 17.0.12 with PID 25188 (started by errol in C:\Users\errol\Documents\GitHub\Spring-CSDRMS)
2024-10-06T22:36:03.541+08:00  INFO 25188 --- [           main] c.c.csdrms.CsdrmsApplicationTests        : No active profile set, falling back to 1 default profile: "default"
2024-10-06T22:36:04.571+08:00  INFO 25188 --- [           main] .s.d.r.c.RepositoryConfigurationDelegate : Bootstrapping Spring Data JPA repositories in DEFAULT mode.
2024-10-06T22:36:04.708+08:00  INFO 25188 --- [           main] .s.d.r.c.RepositoryConfigurationDelegate : Finished Spring Data repository scanning in 127 ms. Found 17 JPA repository interfaces.
2024-10-06T22:36:05.384+08:00  INFO 25188 --- [           main] o.hibernate.jpa.internal.util.LogHelper  : HHH000204: Processing PersistenceUnitInfo [name: default]
2024-10-06T22:36:05.459+08:00  INFO 25188 --- [           main] org.hibernate.Version                    : HHH000412: Hibernate ORM core version 6.2.22.Final
2024-10-06T22:36:05.463+08:00  INFO 25188 --- [           main] org.hibernate.cfg.Environment            : HHH000406: Using bytecode reflection optimizer
2024-10-06T22:36:05.884+08:00  INFO 25188 --- [           main] o.s.o.j.p.SpringPersistenceUnitInfo      : No LoadTimeWeaver setup: ignoring JPA class transformer
2024-10-06T22:36:05.924+08:00  INFO 25188 --- [           main] com.zaxxer.hikari.HikariDataSource       : HikariPool-1 - Starting...
2024-10-06T22:36:07.679+08:00  INFO 25188 --- [           main] com.zaxxer.hikari.pool.HikariPool        : HikariPool-1 - Added connection com.mysql.cj.jdbc.ConnectionImpl@74eec640
2024-10-06T22:36:07.681+08:00  INFO 25188 --- [           main] com.zaxxer.hikari.HikariDataSource       : HikariPool-1 - Start completed.
2024-10-06T22:36:09.236+08:00  INFO 25188 --- [           main] o.h.e.t.j.p.i.JtaPlatformInitiator       : HHH000489: No JTA platform available (set 'hibernate.transaction.jta.platform' to enable JTA platform integration)
2024-10-06T22:36:12.674+08:00  INFO 25188 --- [           main] j.LocalContainerEntityManagerFactoryBean : Initialized JPA EntityManagerFactory for persistence unit 'default'
2024-10-06T22:36:13.072+08:00  INFO 25188 --- [           main] o.s.d.j.r.query.QueryEnhancerFactory     : Hibernate is in classpath; If applicable, HQL parser will be used.
2024-10-06T22:36:14.207+08:00  WARN 25188 --- [           main] JpaBaseConfiguration$JpaWebConfiguration : spring.jpa.open-in-view is enabled by default. Therefore, database queries may be performed during view rendering. Explicitly configure spring.jpa.open-in-view to disable this warning
2024-10-06T22:36:14.654+08:00  INFO 25188 --- [           main] c.c.csdrms.CsdrmsApplicationTests        : Started CsdrmsApplicationTests in 11.523 seconds (process running for 12.961)
]]></system-out>
  </testcase>
</testsuite>